<?xml version="1.0" encoding="UTF-8"?>
<testsuite xmlns:xsi="http://www.w3.org/2001/XMLSchema-instance" xsi:noNamespaceSchemaLocation="https://maven.apache.org/surefire/maven-surefire-plugin/xsd/surefire-test-report.xsd" name="spw4.game2048.BoardTest" time="0.537" tests="18" errors="0" skipped="0" failures="0">
  <properties>
    <property name="sun.desktop" value="windows"/>
    <property name="awt.toolkit" value="sun.awt.windows.WToolkit"/>
    <property name="java.specification.version" value="11"/>
    <property name="sun.cpu.isalist" value="amd64"/>
    <property name="sun.jnu.encoding" value="Cp1252"/>
    <property name="java.class.path" value="D:\Hagenberg\SS2021\SPW4\2048web_git\target\test-classes;D:\Hagenberg\SS2021\SPW4\2048web_git\target\classes;C:\Users\ttedf\.m2\repository\org\junit\jupiter\junit-jupiter\5.7.1\junit-jupiter-5.7.1.jar;C:\Users\ttedf\.m2\repository\org\junit\jupiter\junit-jupiter-api\5.7.1\junit-jupiter-api-5.7.1.jar;C:\Users\ttedf\.m2\repository\org\apiguardian\apiguardian-api\1.1.0\apiguardian-api-1.1.0.jar;C:\Users\ttedf\.m2\repository\org\opentest4j\opentest4j\1.2.0\opentest4j-1.2.0.jar;C:\Users\ttedf\.m2\repository\org\junit\platform\junit-platform-commons\1.7.1\junit-platform-commons-1.7.1.jar;C:\Users\ttedf\.m2\repository\org\junit\jupiter\junit-jupiter-params\5.7.1\junit-jupiter-params-5.7.1.jar;C:\Users\ttedf\.m2\repository\org\junit\jupiter\junit-jupiter-engine\5.7.1\junit-jupiter-engine-5.7.1.jar;C:\Users\ttedf\.m2\repository\org\junit\platform\junit-platform-engine\1.7.1\junit-platform-engine-1.7.1.jar;C:\Users\ttedf\.m2\repository\org\assertj\assertj-core\3.19.0\assertj-core-3.19.0.jar;C:\Users\ttedf\.m2\repository\org\hamcrest\hamcrest\2.2\hamcrest-2.2.jar;C:\Users\ttedf\.m2\repository\org\mockito\mockito-core\3.9.0\mockito-core-3.9.0.jar;C:\Users\ttedf\.m2\repository\net\bytebuddy\byte-buddy\1.10.20\byte-buddy-1.10.20.jar;C:\Users\ttedf\.m2\repository\net\bytebuddy\byte-buddy-agent\1.10.20\byte-buddy-agent-1.10.20.jar;C:\Users\ttedf\.m2\repository\org\objenesis\objenesis\3.2\objenesis-3.2.jar;C:\Users\ttedf\.m2\repository\org\mockito\mockito-junit-jupiter\3.9.0\mockito-junit-jupiter-3.9.0.jar;C:\Users\ttedf\.m2\repository\javax\javaee-web-api\6.0\javaee-web-api-6.0.jar;"/>
    <property name="java.vm.vendor" value="Oracle Corporation"/>
    <property name="sun.arch.data.model" value="64"/>
    <property name="user.variant" value=""/>
    <property name="java.vendor.url" value="https://openjdk.java.net/"/>
    <property name="user.timezone" value="Europe/Berlin"/>
    <property name="java.vm.specification.version" value="11"/>
    <property name="os.name" value="Windows 10"/>
    <property name="sun.java.launcher" value="SUN_STANDARD"/>
    <property name="user.country" value="GB"/>
    <property name="sun.boot.library.path" value="D:\OpenJDK\openjdk-11.0.10_9\bin"/>
    <property name="sun.java.command" value="C:\Users\ttedf\AppData\Local\Temp\surefire5705117903430606076\surefirebooter15538535451412720242.jar C:\Users\ttedf\AppData\Local\Temp\surefire5705117903430606076 2021-06-16T14-39-49_589-jvmRun1 surefire16695432450365987821tmp surefire_07452194479640891242tmp"/>
    <property name="jdk.debug" value="release"/>
    <property name="surefire.test.class.path" value="D:\Hagenberg\SS2021\SPW4\2048web_git\target\test-classes;D:\Hagenberg\SS2021\SPW4\2048web_git\target\classes;C:\Users\ttedf\.m2\repository\org\junit\jupiter\junit-jupiter\5.7.1\junit-jupiter-5.7.1.jar;C:\Users\ttedf\.m2\repository\org\junit\jupiter\junit-jupiter-api\5.7.1\junit-jupiter-api-5.7.1.jar;C:\Users\ttedf\.m2\repository\org\apiguardian\apiguardian-api\1.1.0\apiguardian-api-1.1.0.jar;C:\Users\ttedf\.m2\repository\org\opentest4j\opentest4j\1.2.0\opentest4j-1.2.0.jar;C:\Users\ttedf\.m2\repository\org\junit\platform\junit-platform-commons\1.7.1\junit-platform-commons-1.7.1.jar;C:\Users\ttedf\.m2\repository\org\junit\jupiter\junit-jupiter-params\5.7.1\junit-jupiter-params-5.7.1.jar;C:\Users\ttedf\.m2\repository\org\junit\jupiter\junit-jupiter-engine\5.7.1\junit-jupiter-engine-5.7.1.jar;C:\Users\ttedf\.m2\repository\org\junit\platform\junit-platform-engine\1.7.1\junit-platform-engine-1.7.1.jar;C:\Users\ttedf\.m2\repository\org\assertj\assertj-core\3.19.0\assertj-core-3.19.0.jar;C:\Users\ttedf\.m2\repository\org\hamcrest\hamcrest\2.2\hamcrest-2.2.jar;C:\Users\ttedf\.m2\repository\org\mockito\mockito-core\3.9.0\mockito-core-3.9.0.jar;C:\Users\ttedf\.m2\repository\net\bytebuddy\byte-buddy\1.10.20\byte-buddy-1.10.20.jar;C:\Users\ttedf\.m2\repository\net\bytebuddy\byte-buddy-agent\1.10.20\byte-buddy-agent-1.10.20.jar;C:\Users\ttedf\.m2\repository\org\objenesis\objenesis\3.2\objenesis-3.2.jar;C:\Users\ttedf\.m2\repository\org\mockito\mockito-junit-jupiter\3.9.0\mockito-junit-jupiter-3.9.0.jar;C:\Users\ttedf\.m2\repository\javax\javaee-web-api\6.0\javaee-web-api-6.0.jar;"/>
    <property name="sun.cpu.endian" value="little"/>
    <property name="user.home" value="C:\Users\ttedf"/>
    <property name="user.language" value="en"/>
    <property name="java.specification.vendor" value="Oracle Corporation"/>
    <property name="java.version.date" value="2021-01-19"/>
    <property name="java.home" value="D:\OpenJDK\openjdk-11.0.10_9"/>
    <property name="file.separator" value="\"/>
    <property name="basedir" value="D:\Hagenberg\SS2021\SPW4\2048web_git"/>
    <property name="java.vm.compressedOopsMode" value="Zero based"/>
    <property name="line.separator" value="&#10;"/>
    <property name="java.specification.name" value="Java Platform API Specification"/>
    <property name="java.vm.specification.vendor" value="Oracle Corporation"/>
    <property name="java.awt.graphicsenv" value="sun.awt.Win32GraphicsEnvironment"/>
    <property name="surefire.real.class.path" value="C:\Users\ttedf\AppData\Local\Temp\surefire5705117903430606076\surefirebooter15538535451412720242.jar"/>
    <property name="user.script" value=""/>
    <property name="sun.management.compiler" value="HotSpot 64-Bit Tiered Compilers"/>
    <property name="java.runtime.version" value="11.0.10+9"/>
    <property name="user.name" value="ttedf"/>
    <property name="path.separator" value=";"/>
    <property name="os.version" value="10.0"/>
    <property name="java.runtime.name" value="OpenJDK Runtime Environment"/>
    <property name="file.encoding" value="Cp1252"/>
    <property name="java.vm.name" value="OpenJDK 64-Bit Server VM"/>
    <property name="java.vendor.version" value="18.9"/>
    <property name="localRepository" value="C:\Users\ttedf\.m2\repository"/>
    <property name="java.vendor.url.bug" value="https://bugreport.java.com/bugreport/"/>
    <property name="java.io.tmpdir" value="C:\Users\ttedf\AppData\Local\Temp\"/>
    <property name="idea.version" value="2021.1.2"/>
    <property name="java.version" value="11.0.10"/>
    <property name="user.dir" value="D:\Hagenberg\SS2021\SPW4\2048web_git"/>
    <property name="os.arch" value="amd64"/>
    <property name="java.vm.specification.name" value="Java Virtual Machine Specification"/>
    <property name="java.awt.printerjob" value="sun.awt.windows.WPrinterJob"/>
    <property name="sun.os.patch.level" value=""/>
    <property name="java.library.path" value="D:\OpenJDK\openjdk-11.0.10_9\bin;C:\WINDOWS\Sun\Java\bin;C:\WINDOWS\system32;C:\WINDOWS;C:\Ruby30-x64\bin;C:\Program Files (x86)\Common Files\Intel\Shared Libraries\redist\intel64_win\compiler;C:\WINDOWS\system32;C:\WINDOWS;C:\WINDOWS\System32\Wbem;C:\WINDOWS\System32\WindowsPowerShell\v1.0\;C:\WINDOWS\System32\OpenSSH\;C:\Android;C:\Windows\System32;C:\Program Files\NVIDIA Corporation\NVIDIA NvDLISR;C:\Program Files (x86)\NVIDIA Corporation\PhysX\Common;D:\OpenJDK\openjdk-11.0.10_9\bin;D:\Ant\apache-ant-1.10.9\bin;C:\WINDOWS\system32;C:\WINDOWS;C:\WINDOWS\System32\Wbem;C:\WINDOWS\System32\WindowsPowerShell\v1.0\;C:\WINDOWS\System32\OpenSSH\;C:\Program Files\mingw-w64\x86_64-8.1.0-posix-seh-rt_v6-rev0\mingw64\bin;C:\Program Files\CMake\bin;C:\Program Files\PuTTY\;C:\Program Files (x86)\Common Files\Oracle\Java\javapath;C:\Program Files\dotnet\;C:\Program Files\Docker\Docker\resources\bin;C:\ProgramData\DockerDesktop\version-bin;C:\Program Files (x86)\Microsoft SQL Server\150\DTS\Binn\;C:\Program Files\Azure Data Studio\bin;C:\Program Files\Git\cmd;C:\Users\ttedf\AppData\Local\Microsoft\WindowsApps;D:\Visual\Microsoft VS Code\bin;C:\Users\ttedf\.dotnet\tools;;C:\Program Files\Azure Data Studio\bin;."/>
    <property name="java.vm.info" value="mixed mode"/>
    <property name="java.vendor" value="Oracle Corporation"/>
    <property name="java.vm.version" value="11.0.10+9"/>
    <property name="sun.io.unicode.encoding" value="UnicodeLittle"/>
    <property name="java.class.version" value="55.0"/>
  </properties>
  <testcase name="isFullReturnsFalseWhenOneTileZero" classname="spw4.game2048.BoardTest" time="0.024"/>
  <testcase name="setTileValue_whenInvalidPositionThrowsIllegalArgumentException{int, int}[1]" classname="spw4.game2048.BoardTest" time="0.033"/>
  <testcase name="setTileValue_whenInvalidPositionThrowsIllegalArgumentException{int, int}[2]" classname="spw4.game2048.BoardTest" time="0.001"/>
  <testcase name="setTileValue_whenInvalidPositionThrowsIllegalArgumentException{int, int}[3]" classname="spw4.game2048.BoardTest" time="0.001"/>
  <testcase name="setTileValue_whenInvalidPositionThrowsIllegalArgumentException{int, int}[4]" classname="spw4.game2048.BoardTest" time="0.001"/>
  <testcase name="spawnRandomTilesSetsTwoTwosAtRandomPositions" classname="spw4.game2048.BoardTest" time="0.399"/>
  <testcase name="getTileValue_whenInvalidPositionThrowsIllegalArgumentException{int, int}[1]" classname="spw4.game2048.BoardTest" time="0.001"/>
  <testcase name="getTileValue_whenInvalidPositionThrowsIllegalArgumentException{int, int}[2]" classname="spw4.game2048.BoardTest" time="0"/>
  <testcase name="getTileValue_whenInvalidPositionThrowsIllegalArgumentException{int, int}[3]" classname="spw4.game2048.BoardTest" time="0"/>
  <testcase name="getTileValue_whenInvalidPositionThrowsIllegalArgumentException{int, int}[4]" classname="spw4.game2048.BoardTest" time="0"/>
  <testcase name="initializeSetsTwoTwosAtRandomPositions" classname="spw4.game2048.BoardTest" time="0.001"/>
  <testcase name="spawnRandomTiles_doesNotOverrideTheValueOfATileAtARandomPosition" classname="spw4.game2048.BoardTest" time="0.003"/>
  <testcase name="setTileValue_whenInvalidValueThrowsIllegalArgumentException{int}[1]" classname="spw4.game2048.BoardTest" time="0.002"/>
  <testcase name="setTileValue_whenInvalidValueThrowsIllegalArgumentException{int}[2]" classname="spw4.game2048.BoardTest" time="0.001"/>
  <testcase name="setTileValue_whenInvalidValueThrowsIllegalArgumentException{int}[3]" classname="spw4.game2048.BoardTest" time="0"/>
  <testcase name="setTileValueReturnsInputValue" classname="spw4.game2048.BoardTest" time="0"/>
  <testcase name="isFullReturnsFalseWhenEmpty" classname="spw4.game2048.BoardTest" time="0"/>
  <testcase name="isFullReturnsTrueWhenNotEmpty" classname="spw4.game2048.BoardTest" time="0.001"/>
</testsuite>